src\test\java\apiTests\reqres\CreateUpdateDeleteTest.java:3: error: package io.restassured.response does not exist
import io.restassured.response.Response;
                              ^
src\test\java\apiTests\reqres\CreateUpdateDeleteTest.java:4: error: package org.junit.jupiter.api does not exist
import org.junit.jupiter.api.Assertions;
                            ^
src\test\java\apiTests\reqres\CreateUpdateDeleteTest.java:5: error: package org.junit.jupiter.api does not exist
import org.junit.jupiter.api.Test;
                            ^
src\test\java\apiTests\reqres\CreateUpdateDeleteTest.java:10: error: package io.restassured does not exist
import static io.restassured.RestAssured.*;
                            ^
src\test\java\apiTests\reqres\CreateUpdateDeleteTest.java:11: error: package org.hamcrest does not exist
import static org.hamcrest.Matchers.*;
                          ^
src\test\java\apiTests\reqres\CreateUpdateDeleteTest.java:12: error: package org.junit.jupiter.api does not exist
import static org.junit.jupiter.api.Assertions.assertTrue;
                                   ^
src\test\java\apiTests\reqres\CreateUpdateDeleteTest.java:12: error: static import only from classes and interfaces
import static org.junit.jupiter.api.Assertions.assertTrue;
^
src\test\java\apiTests\reqres\GetTest.java:3: error: package io.restassured.response does not exist
import io.restassured.response.Response;
                              ^
src\test\java\apiTests\reqres\GetTest.java:4: error: package org.junit.jupiter.api does not exist
import org.junit.jupiter.api.Test;
                            ^
src\test\java\apiTests\reqres\GetTest.java:5: error: package io.restassured does not exist
import static io.restassured.RestAssured.*;
                            ^
src\test\java\apiTests\reqres\GetTest.java:6: error: package org.hamcrest does not exist
import static org.hamcrest.Matchers.*;
                          ^
src\test\java\apiTests\reqres\PostTest.java:3: error: package io.restassured.response does not exist
import io.restassured.response.Response;
                              ^
src\test\java\apiTests\reqres\PostTest.java:4: error: package org.junit.jupiter.api does not exist
import org.junit.jupiter.api.Assertions;
                            ^
src\test\java\apiTests\reqres\PostTest.java:5: error: package org.junit.jupiter.api does not exist
import org.junit.jupiter.api.Test;
                            ^
src\test\java\apiTests\reqres\PostTest.java:7: error: package io.restassured does not exist
import static io.restassured.RestAssured.*;
                            ^
src\test\java\dbTests\mySQL\MySQLTest.java:6: error: package org.junit.jupiter.api does not exist
import static org.junit.jupiter.api.Assertions.*;
                                   ^
src\test\java\dbTests\mySQL\MySQLTest.java:3: error: package org.junit.jupiter.api does not exist
import org.junit.jupiter.api.*;
^
src\test\java\dbTests\ownData\Read_Write_ExcelData.java:4: error: package org.apache.poi.xssf.usermodel does not exist
import org.apache.poi.xssf.usermodel.XSSFCell;
                                    ^
src\test\java\dbTests\ownData\Read_Write_ExcelData.java:5: error: package org.apache.poi.xssf.usermodel does not exist
import org.apache.poi.xssf.usermodel.XSSFRow;
                                    ^
src\test\java\dbTests\ownData\Read_Write_ExcelData.java:6: error: package org.apache.poi.xssf.usermodel does not exist
import org.apache.poi.xssf.usermodel.XSSFSheet;
                                    ^
src\test\java\dbTests\ownData\Read_Write_ExcelData.java:7: error: package org.apache.poi.xssf.usermodel does not exist
import org.apache.poi.xssf.usermodel.XSSFWorkbook;
                                    ^
src\test\java\dbTests\ownData\Read_Write_ExcelData.java:8: error: package org.junit.jupiter.api does not exist
import org.junit.jupiter.api.Assertions;
                            ^
src\test\java\dbTests\ownData\Read_Write_ExcelData.java:9: error: package org.junit.jupiter.api does not exist
import org.junit.jupiter.api.Test;
                            ^
src\test\java\forAllTests\Setup_TearDown_Page.java:3: error: package com.codeborne.selenide does not exist
import com.codeborne.selenide.Configuration;
                             ^
src\test\java\forAllTests\Setup_TearDown_Page.java:4: error: package org.junit.jupiter.api does not exist
import org.junit.jupiter.api.BeforeAll;
                            ^
src\test\java\forAllTests\Setup_TearDown_Page.java:5: error: package org.junit.jupiter.api does not exist
import org.junit.jupiter.api.BeforeEach;
                            ^
src\test\java\forAllTests\Setup_TearDown_Page.java:6: error: package org.openqa.selenium does not exist
import org.openqa.selenium.WebDriver;
                          ^
src\test\java\forAllTests\Setup_TearDown_Page.java:7: error: package org.openqa.selenium.chrome does not exist
import org.openqa.selenium.chrome.ChromeOptions;
                                 ^
src\test\java\forAllTests\Setup_TearDown_Page.java:9: error: package com.codeborne.selenide does not exist
import static com.codeborne.selenide.Selenide.open;
                                    ^
src\test\java\forAllTests\Setup_TearDown_Page.java:9: error: static import only from classes and interfaces
import static com.codeborne.selenide.Selenide.open;
^
src\test\java\forAllTests\Setup_TearDown_Page.java:13: error: cannot find symbol
    WebDriver driver;
    ^
  symbol:   class WebDriver
  location: class Setup_TearDown_Page
src\test\java\forAllTests\components\Element.java:4: error: package org.hamcrest does not exist
import org.hamcrest.MatcherAssert;
                   ^
src\test\java\forAllTests\components\Element.java:5: error: package org.junit.jupiter.api does not exist
import org.junit.jupiter.api.Assertions;
                            ^
src\test\java\forAllTests\components\Element.java:6: error: package org.openqa.selenium does not exist
import org.openqa.selenium.By;
                          ^
src\test\java\forAllTests\components\Element.java:7: error: package org.openqa.selenium does not exist
import org.openqa.selenium.Keys;
                          ^
src\test\java\forAllTests\components\Element.java:17: error: package com.codeborne.selenide does not exist
import static com.codeborne.selenide.Condition.and;
                                    ^
src\test\java\forAllTests\components\Element.java:17: error: static import only from classes and interfaces
import static com.codeborne.selenide.Condition.and;
^
src\test\java\forAllTests\components\Element.java:18: error: package com.codeborne.selenide does not exist
import static com.codeborne.selenide.Selenide.$;
                                    ^
src\test\java\forAllTests\components\Element.java:18: error: static import only from classes and interfaces
import static com.codeborne.selenide.Selenide.$;
^
src\test\java\forAllTests\components\Element.java:19: error: package com.codeborne.selenide does not exist
import static com.codeborne.selenide.Selenide.$$;
                                    ^
src\test\java\forAllTests\components\Element.java:19: error: static import only from classes and interfaces
import static com.codeborne.selenide.Selenide.$$;
^
src\test\java\forAllTests\components\Element.java:20: error: package org.hamcrest does not exist
import static org.hamcrest.MatcherAssert.assertThat;
                          ^
src\test\java\forAllTests\components\Element.java:20: error: static import only from classes and interfaces
import static org.hamcrest.MatcherAssert.assertThat;
^
src\test\java\forAllTests\components\Element.java:21: error: package org.junit.jupiter.api does not exist
import static org.junit.jupiter.api.Assertions.fail;
                                   ^
src\test\java\forAllTests\components\Element.java:21: error: static import only from classes and interfaces
import static org.junit.jupiter.api.Assertions.fail;
^
src\test\java\forAllTests\components\Element.java:27: error: cannot find symbol
    protected SelenideElement element;
              ^
  symbol:   class SelenideElement
  location: class Element<T>
  where T is a type-variable:
    T extends Object declared in class Element
src\test\java\forAllTests\components\Element.java:33: error: cannot find symbol
    public Element(By locator) {
                   ^
  symbol:   class By
  location: class Element<T>
  where T is a type-variable:
    T extends Object declared in class Element
src\test\java\forAllTests\components\Element.java:217: error: cannot find symbol
    public T sendKeyToElement(Keys key) {
                              ^
  symbol:   class Keys
  location: class Element<T>
  where T is a type-variable:
    T extends Object declared in class Element
src\test\java\forAllTests\components\Element.java:243: error: cannot find symbol
    public SelenideElement getElement() {
           ^
  symbol:   class SelenideElement
  location: class Element<T>
  where T is a type-variable:
    T extends Object declared in class Element
src\test\java\forAllTests\components\Element.java:247: error: cannot find symbol
    public SelenideElement getElementChild(String childXpath) {
           ^
  symbol:   class SelenideElement
  location: class Element<T>
  where T is a type-variable:
    T extends Object declared in class Element
src\test\java\forAllTests\components\Element.java:251: error: cannot find symbol
    public ElementsCollection getElementChildren(String childrenXpath) {
           ^
  symbol:   class ElementsCollection
  location: class Element<T>
  where T is a type-variable:
    T extends Object declared in class Element
src\test\java\forAllTests\components\Element.java:338: error: cannot find symbol
    public T waitForClickable(By selector) {
                              ^
  symbol:   class By
  location: class Element<T>
  where T is a type-variable:
    T extends Object declared in class Element
src\test\java\forAllTests\components\Element.java:3: error: package com.codeborne.selenide does not exist
import com.codeborne.selenide.*;
^
src\test\java\forAllTests\components\ButtonByClass.java:3: error: package org.openqa.selenium does not exist
import org.openqa.selenium.By;
                          ^
src\test\java\forAllTests\components\ButtonByClass.java:5: error: package com.codeborne.selenide does not exist
import static com.codeborne.selenide.Selenide.$;
                                    ^
src\test\java\forAllTests\components\ButtonByClass.java:5: error: static import only from classes and interfaces
import static com.codeborne.selenide.Selenide.$;
^
src\test\java\forAllTests\components\ButtonByXpath.java:3: error: package org.openqa.selenium does not exist
import org.openqa.selenium.By;
                          ^
src\test\java\forAllTests\components\ButtonByXpath.java:5: error: package com.codeborne.selenide does not exist
import static com.codeborne.selenide.Selenide.$;
                                    ^
src\test\java\forAllTests\components\ButtonByXpath.java:5: error: static import only from classes and interfaces
import static com.codeborne.selenide.Selenide.$;
^
src\test\java\forAllTests\components\Dropdown.java:3: error: package com.codeborne.selenide does not exist
import com.codeborne.selenide.CollectionCondition;
                             ^
src\test\java\forAllTests\components\Dropdown.java:4: error: package com.codeborne.selenide does not exist
import com.codeborne.selenide.Condition;
                             ^
src\test\java\forAllTests\components\Dropdown.java:5: error: package com.codeborne.selenide does not exist
import com.codeborne.selenide.WebDriverRunner;
                             ^
src\test\java\forAllTests\components\Dropdown.java:6: error: package org.openqa.selenium does not exist
import org.openqa.selenium.By;
                          ^
src\test\java\forAllTests\components\Dropdown.java:7: error: package org.openqa.selenium does not exist
import org.openqa.selenium.Keys;
                          ^
src\test\java\forAllTests\components\Dropdown.java:8: error: package org.openqa.selenium does not exist
import org.openqa.selenium.WebDriver;
                          ^
src\test\java\forAllTests\components\Dropdown.java:9: error: package org.openqa.selenium.interactions does not exist
import org.openqa.selenium.interactions.Actions;
                                       ^
src\test\java\forAllTests\components\Dropdown.java:15: error: package com.codeborne.selenide does not exist
import static com.codeborne.selenide.Selenide.$;
                                    ^
src\test\java\forAllTests\components\Dropdown.java:15: error: static import only from classes and interfaces
import static com.codeborne.selenide.Selenide.$;
^
src\test\java\forAllTests\components\Dropdown.java:16: error: package org.hamcrest does not exist
import static org.hamcrest.MatcherAssert.assertThat;
                          ^
src\test\java\forAllTests\components\Dropdown.java:16: error: static import only from classes and interfaces
import static org.hamcrest.MatcherAssert.assertThat;
^
src\test\java\forAllTests\components\DropdownByXpath.java:3: error: package org.openqa.selenium does not exist
import org.openqa.selenium.By;
                          ^
src\test\java\forAllTests\components\DropdownByXpath.java:5: error: package com.codeborne.selenide does not exist
import static com.codeborne.selenide.Selenide.$;
                                    ^
src\test\java\forAllTests\components\DropdownByXpath.java:5: error: static import only from classes and interfaces
import static com.codeborne.selenide.Selenide.$;
^
src\test\java\forAllTests\components\LabelByXpath.java:3: error: package org.openqa.selenium does not exist
import org.openqa.selenium.By;
                          ^
src\test\java\forAllTests\components\LabelByXpath.java:5: error: package com.codeborne.selenide does not exist
import static com.codeborne.selenide.Selenide.$;
                                    ^
src\test\java\forAllTests\components\LabelByXpath.java:5: error: static import only from classes and interfaces
import static com.codeborne.selenide.Selenide.$;
^
src\test\java\forAllTests\components\RadioButton.java:3: error: package com.codeborne.selenide does not exist
import com.codeborne.selenide.Condition;
                             ^
src\test\java\forAllTests\components\RadioButton.java:5: error: package com.codeborne.selenide does not exist
import static com.codeborne.selenide.Selenide.$;
                                    ^
src\test\java\forAllTests\components\RadioButton.java:5: error: static import only from classes and interfaces
import static com.codeborne.selenide.Selenide.$;
^
src\test\java\forAllTests\components\RadioButton.java:6: error: package org.hamcrest does not exist
import static org.hamcrest.MatcherAssert.assertThat;
                          ^
src\test\java\forAllTests\components\RadioButton.java:6: error: static import only from classes and interfaces
import static org.hamcrest.MatcherAssert.assertThat;
^
src\test\java\forAllTests\components\RadioButtonByXPath.java:3: error: package org.openqa.selenium does not exist
import org.openqa.selenium.By;
                          ^
src\test\java\forAllTests\components\RadioButtonByXPath.java:5: error: package com.codeborne.selenide does not exist
import static com.codeborne.selenide.Selenide.$;
                                    ^
src\test\java\forAllTests\components\RadioButtonByXPath.java:5: error: static import only from classes and interfaces
import static com.codeborne.selenide.Selenide.$;
^
src\test\java\forAllTests\components\TextBox.java:3: error: package com.codeborne.selenide does not exist
import com.codeborne.selenide.Condition;
                             ^
src\test\java\forAllTests\components\TextBox.java:4: error: package org.openqa.selenium does not exist
import org.openqa.selenium.By;
                          ^
src\test\java\forAllTests\components\TextBox.java:5: error: package org.openqa.selenium does not exist
import org.openqa.selenium.Keys;
                          ^
src\test\java\forAllTests\components\TextBox.java:10: error: package org.hamcrest does not exist
import static org.hamcrest.MatcherAssert.assertThat;
                          ^
src\test\java\forAllTests\components\TextBox.java:10: error: static import only from classes and interfaces
import static org.hamcrest.MatcherAssert.assertThat;
^
src\test\java\forAllTests\components\TextBox.java:11: error: package org.junit.jupiter.api does not exist
import static org.junit.jupiter.api.Assertions.fail;
                                   ^
src\test\java\forAllTests\components\TextBox.java:11: error: static import only from classes and interfaces
import static org.junit.jupiter.api.Assertions.fail;
^
src\test\java\forAllTests\components\TextBoxByXpath.java:3: error: package org.openqa.selenium does not exist
import org.openqa.selenium.By;
                          ^
src\test\java\forAllTests\components\TextBoxByXpath.java:5: error: package com.codeborne.selenide does not exist
import static com.codeborne.selenide.Selenide.$;
                                    ^
src\test\java\forAllTests\components\TextBoxByXpath.java:5: error: static import only from classes and interfaces
import static com.codeborne.selenide.Selenide.$;
^
src\test\java\forAllTests\components\TimePicker.java:3: error: package org.openqa.selenium does not exist
import org.openqa.selenium.By;
                          ^
src\test\java\forAllTests\components\TimePicker.java:11: error: cannot find symbol
    public TimePicker(By locator) {
                      ^
  symbol:   class By
  location: class TimePicker
src\test\java\forAllTests\helpers\ScrollerHelper.java:3: error: package com.codeborne.selenide does not exist
import com.codeborne.selenide.SelenideElement;
                             ^
src\test\java\forAllTests\helpers\ScrollerHelper.java:4: error: package com.codeborne.selenide does not exist
import com.codeborne.selenide.WebDriverRunner;
                             ^
src\test\java\forAllTests\helpers\ScrollerHelper.java:5: error: package org.openqa.selenium does not exist
import org.openqa.selenium.By;
                          ^
src\test\java\forAllTests\helpers\ScrollerHelper.java:7: error: package com.codeborne.selenide does not exist
import static com.codeborne.selenide.Selenide.$;
                                    ^
100 errors
only showing the first 100 errors, of 521 total; use -Xmaxerrs if you would like to see more
