src\test\java\gaugeSteps\BrowserSteps.java:3: error: package com.codeborne.selenide does not exist
import com.codeborne.selenide.Configuration;
                             ^
src\test\java\gaugeSteps\BrowserSteps.java:5: error: package org.openqa.selenium.chrome does not exist
import org.openqa.selenium.chrome.ChromeOptions;
                                 ^
src\test\java\gaugeSteps\BrowserSteps.java:7: error: package com.codeborne.selenide does not exist
import static com.codeborne.selenide.Selenide.closeWebDriver;
                                    ^
src\test\java\gaugeSteps\BrowserSteps.java:7: error: static import only from classes and interfaces
import static com.codeborne.selenide.Selenide.closeWebDriver;
^
src\test\java\gaugeSteps\BrowserSteps.java:8: error: package com.codeborne.selenide does not exist
import static com.codeborne.selenide.Selenide.open;
                                    ^
src\test\java\gaugeSteps\BrowserSteps.java:8: error: static import only from classes and interfaces
import static com.codeborne.selenide.Selenide.open;
^
src\test\java\uiTests\sauceDemo\LoginPageSelectors.java:3: error: package com.codeborne.selenide does not exist
import com.codeborne.selenide.SelenideElement;
                             ^
src\test\java\uiTests\sauceDemo\LoginPageSelectors.java:5: error: package com.codeborne.selenide does not exist
import static com.codeborne.selenide.Selenide.$x;
                                    ^
src\test\java\uiTests\sauceDemo\LoginPageSelectors.java:5: error: static import only from classes and interfaces
import static com.codeborne.selenide.Selenide.$x;
^
src\test\java\uiTests\sauceDemo\HomePageSelectors.java:3: error: package com.codeborne.selenide does not exist
import com.codeborne.selenide.Condition;
                             ^
src\test\java\uiTests\sauceDemo\HomePageSelectors.java:4: error: package com.codeborne.selenide does not exist
import com.codeborne.selenide.SelenideElement;
                             ^
src\test\java\uiTests\sauceDemo\HomePageSelectors.java:8: error: package com.codeborne.selenide does not exist
import static com.codeborne.selenide.Condition.text;
                                    ^
src\test\java\uiTests\sauceDemo\HomePageSelectors.java:8: error: static import only from classes and interfaces
import static com.codeborne.selenide.Condition.text;
^
src\test\java\uiTests\sauceDemo\HomePageSelectors.java:9: error: package com.codeborne.selenide does not exist
import static com.codeborne.selenide.Selenide.*;
                                    ^
src\test\java\uiTests\sauceDemo\HomePageSelectors.java:14: error: cannot find symbol
    public SelenideElement subTitle = $x("//span[@class='title']");
           ^
  symbol:   class SelenideElement
  location: class HomePageSelectors
src\test\java\uiTests\sauceDemo\HomePageSelectors.java:16: error: cannot find symbol
    public SelenideElement burgerMenu = $x("//button[@id='react-burger-menu-btn']");
           ^
  symbol:   class SelenideElement
  location: class HomePageSelectors
src\test\java\uiTests\sauceDemo\HomePageSelectors.java:18: error: cannot find symbol
    public SelenideElement pageLogo = $x("//div[@class='app_logo']");
           ^
  symbol:   class SelenideElement
  location: class HomePageSelectors
src\test\java\uiTests\sauceDemo\HomePageSelectors.java:20: error: cannot find symbol
    public SelenideElement sidebar_AllItems_Link = $x("//a[@data-test='inventory-sidebar-link']");
           ^
  symbol:   class SelenideElement
  location: class HomePageSelectors
src\test\java\uiTests\sauceDemo\HomePageSelectors.java:22: error: cannot find symbol
    public SelenideElement sidebar_About_Link = $x("//a[@data-test='about-sidebar-link']");
           ^
  symbol:   class SelenideElement
  location: class HomePageSelectors
src\test\java\uiTests\sauceDemo\HomePageSelectors.java:24: error: cannot find symbol
    public SelenideElement sidebar_Logout_Link = $x("//a[@data-test='logout-sidebar-link']");
           ^
  symbol:   class SelenideElement
  location: class HomePageSelectors
src\test\java\uiTests\sauceDemo\HomePageSelectors.java:26: error: cannot find symbol
    public SelenideElement sidebar_ResetAppState_Link = $x("//a[@data-test='reset-sidebar-link']");
           ^
  symbol:   class SelenideElement
  location: class HomePageSelectors
src\test\java\uiTests\sauceDemo\HomePageSelectors.java:28: error: cannot find symbol
    public SelenideElement burgerMenu_CloseButton = $x("//button[@id='react-burger-cross-btn']");
           ^
  symbol:   class SelenideElement
  location: class HomePageSelectors
src\test\java\uiTests\sauceDemo\LoginPageSelectors.java:10: error: cannot find symbol
    public SelenideElement inputUsername = $x("//input[@id='user-name']");
           ^
  symbol:   class SelenideElement
  location: class LoginPageSelectors
src\test\java\uiTests\sauceDemo\LoginPageSelectors.java:12: error: cannot find symbol
    public SelenideElement inputPassword = $x("//input[@id='password']");
           ^
  symbol:   class SelenideElement
  location: class LoginPageSelectors
src\test\java\uiTests\sauceDemo\LoginPageSelectors.java:14: error: cannot find symbol
    public SelenideElement inputLoginButton = $x("//input[@id='login-button']");
           ^
  symbol:   class SelenideElement
  location: class LoginPageSelectors
src\test\java\gaugeSteps\BrowserSteps.java:14: error: cannot find symbol
        Configuration.browserSize = "1280x800";
        ^
  symbol:   variable Configuration
  location: class BrowserSteps
src\test\java\gaugeSteps\BrowserSteps.java:15: error: cannot find symbol
        Configuration.browserCapabilities = new ChromeOptions().addArguments("--remote-allow-origins=*");
        ^
  symbol:   variable Configuration
  location: class BrowserSteps
src\test\java\gaugeSteps\BrowserSteps.java:15: error: cannot find symbol
        Configuration.browserCapabilities = new ChromeOptions().addArguments("--remote-allow-origins=*");
                                                ^
  symbol:   class ChromeOptions
  location: class BrowserSteps
src\test\java\gaugeSteps\BrowserSteps.java:19: error: cannot find symbol
        open(url);
        ^
  symbol:   method open(String)
  location: class BrowserSteps
src\test\java\gaugeSteps\BrowserSteps.java:24: error: cannot find symbol
        closeWebDriver();
        ^
  symbol:   method closeWebDriver()
  location: class BrowserSteps
src\test\java\uiTests\sauceDemo\LoginPageSelectors.java:10: error: cannot find symbol
    public SelenideElement inputUsername = $x("//input[@id='user-name']");
                                           ^
  symbol:   method $x(String)
  location: class LoginPageSelectors
src\test\java\uiTests\sauceDemo\LoginPageSelectors.java:12: error: cannot find symbol
    public SelenideElement inputPassword = $x("//input[@id='password']");
                                           ^
  symbol:   method $x(String)
  location: class LoginPageSelectors
src\test\java\uiTests\sauceDemo\LoginPageSelectors.java:14: error: cannot find symbol
    public SelenideElement inputLoginButton = $x("//input[@id='login-button']");
                                              ^
  symbol:   method $x(String)
  location: class LoginPageSelectors
src\test\java\uiTests\sauceDemo\HomePageSelectors.java:14: error: cannot find symbol
    public SelenideElement subTitle = $x("//span[@class='title']");
                                      ^
  symbol:   method $x(String)
  location: class HomePageSelectors
src\test\java\uiTests\sauceDemo\HomePageSelectors.java:16: error: cannot find symbol
    public SelenideElement burgerMenu = $x("//button[@id='react-burger-menu-btn']");
                                        ^
  symbol:   method $x(String)
  location: class HomePageSelectors
src\test\java\uiTests\sauceDemo\HomePageSelectors.java:18: error: cannot find symbol
    public SelenideElement pageLogo = $x("//div[@class='app_logo']");
                                      ^
  symbol:   method $x(String)
  location: class HomePageSelectors
src\test\java\uiTests\sauceDemo\HomePageSelectors.java:20: error: cannot find symbol
    public SelenideElement sidebar_AllItems_Link = $x("//a[@data-test='inventory-sidebar-link']");
                                                   ^
  symbol:   method $x(String)
  location: class HomePageSelectors
src\test\java\uiTests\sauceDemo\HomePageSelectors.java:22: error: cannot find symbol
    public SelenideElement sidebar_About_Link = $x("//a[@data-test='about-sidebar-link']");
                                                ^
  symbol:   method $x(String)
  location: class HomePageSelectors
src\test\java\uiTests\sauceDemo\HomePageSelectors.java:24: error: cannot find symbol
    public SelenideElement sidebar_Logout_Link = $x("//a[@data-test='logout-sidebar-link']");
                                                 ^
  symbol:   method $x(String)
  location: class HomePageSelectors
src\test\java\uiTests\sauceDemo\HomePageSelectors.java:26: error: cannot find symbol
    public SelenideElement sidebar_ResetAppState_Link = $x("//a[@data-test='reset-sidebar-link']");
                                                        ^
  symbol:   method $x(String)
  location: class HomePageSelectors
src\test\java\uiTests\sauceDemo\HomePageSelectors.java:28: error: cannot find symbol
    public SelenideElement burgerMenu_CloseButton = $x("//button[@id='react-burger-cross-btn']");
                                                    ^
  symbol:   method $x(String)
  location: class HomePageSelectors
src\test\java\uiTests\sauceDemo\HomePageSelectors.java:31: error: cannot find symbol
        pageLogo.shouldBe(Condition.visible, Duration.ofMillis(5000));
                          ^
  symbol:   variable Condition
  location: class HomePageSelectors
src\test\java\uiTests\sauceDemo\HomePageSelectors.java:35: error: cannot find symbol
        subTitle.shouldBe(Condition.visible, Duration.ofMillis(5000));
                          ^
  symbol:   variable Condition
  location: class HomePageSelectors
src\test\java\uiTests\sauceDemo\HomePageSelectors.java:36: error: cannot find symbol
        subTitle.shouldHave(text(title));
                            ^
  symbol:   method text(String)
  location: class HomePageSelectors
src\test\java\uiTests\sauceDemo\HomePageSelectors.java:44: error: cannot find symbol
        sidebar_AllItems_Link.shouldBe(Condition.visible, Duration.ofMillis(5000));
                                       ^
  symbol:   variable Condition
  location: class HomePageSelectors
src\test\java\uiTests\sauceDemo\HomePageSelectors.java:45: error: cannot find symbol
        sidebar_AllItems_Link.shouldHave(text("All Items"));
                                         ^
  symbol:   method text(String)
  location: class HomePageSelectors
src\test\java\uiTests\sauceDemo\HomePageSelectors.java:47: error: cannot find symbol
        sidebar_About_Link.shouldBe(Condition.visible, Duration.ofMillis(5000));
                                    ^
  symbol:   variable Condition
  location: class HomePageSelectors
src\test\java\uiTests\sauceDemo\HomePageSelectors.java:48: error: cannot find symbol
        sidebar_About_Link.shouldHave(text("About"));
                                      ^
  symbol:   method text(String)
  location: class HomePageSelectors
src\test\java\uiTests\sauceDemo\HomePageSelectors.java:50: error: cannot find symbol
        sidebar_Logout_Link.shouldBe(Condition.visible, Duration.ofMillis(5000));
                                     ^
  symbol:   variable Condition
  location: class HomePageSelectors
src\test\java\uiTests\sauceDemo\HomePageSelectors.java:51: error: cannot find symbol
        sidebar_Logout_Link.shouldHave(text("Logout"));
                                       ^
  symbol:   method text(String)
  location: class HomePageSelectors
src\test\java\uiTests\sauceDemo\HomePageSelectors.java:53: error: cannot find symbol
        sidebar_ResetAppState_Link.shouldBe(Condition.visible, Duration.ofMillis(5000));
                                            ^
  symbol:   variable Condition
  location: class HomePageSelectors
src\test\java\uiTests\sauceDemo\HomePageSelectors.java:54: error: cannot find symbol
        sidebar_ResetAppState_Link.shouldHave(text("Reset App State"));
                                              ^
  symbol:   method text(String)
  location: class HomePageSelectors
52 errors
